Flow report for Lab2
Tue Mar 17 18:08:20 2026
Quartus II 64-Bit Version 13.1.0 Build 162 10/23/2013 SJ Web Edition


---------------------
; Table of Contents ;
---------------------
  1. Legal Notice
  2. Flow Summary
  3. Flow Settings
  4. Flow Non-Default Global Settings
  5. Flow Elapsed Time
  6. Flow OS Summary
  7. Flow Log
  8. Flow Messages
  9. Flow Suppressed Messages



----------------
; Legal Notice ;
----------------
Copyright (C) 1991-2013 Altera Corporation
Your use of Altera Corporation's design tools, logic functions 
and other software and tools, and its AMPP partner logic 
functions, and any output files from any of the foregoing 
(including device programming or simulation files), and any 
associated documentation or information are expressly subject 
to the terms and conditions of the Altera Program License 
Subscription Agreement, Altera MegaCore Function License 
Agreement, or other applicable license agreement, including, 
without limitation, that your use is for the sole purpose of 
programming logic devices manufactured by Altera and sold by 
Altera or its authorized distributors.  Please refer to the 
applicable agreement for further details.



+---------------------------------------------------------------------------------+
; Flow Summary                                                                    ;
+------------------------------------+--------------------------------------------+
; Flow Status                        ; Successful - Tue Mar 17 18:08:20 2026      ;
; Quartus II 64-Bit Version          ; 13.1.0 Build 162 10/23/2013 SJ Web Edition ;
; Revision Name                      ; Lab2                                       ;
; Top-level Entity Name              ; singleCycleProc                            ;
; Family                             ; Cyclone IV E                               ;
; Device                             ; EP4CE115F29C7                              ;
; Timing Models                      ; Final                                      ;
; Total logic elements               ; 731 / 114,480 ( < 1 % )                    ;
;     Total combinational functions  ; 611 / 114,480 ( < 1 % )                    ;
;     Dedicated logic registers      ; 264 / 114,480 ( < 1 % )                    ;
; Total registers                    ; 264                                        ;
; Total pins                         ; 65 / 529 ( 12 % )                          ;
; Total virtual pins                 ; 0                                          ;
; Total memory bits                  ; 10,240 / 3,981,312 ( < 1 % )               ;
; Embedded Multiplier 9-bit elements ; 0 / 532 ( 0 % )                            ;
; Total PLLs                         ; 0 / 4 ( 0 % )                              ;
+------------------------------------+--------------------------------------------+


+-----------------------------------------+
; Flow Settings                           ;
+-------------------+---------------------+
; Option            ; Setting             ;
+-------------------+---------------------+
; Start date & time ; 03/17/2026 18:06:37 ;
; Main task         ; Compilation         ;
; Revision Name     ; Lab2                ;
+-------------------+---------------------+


+----------------------------------------------------------------------------------------------------------------------------+
; Flow Non-Default Global Settings                                                                                           ;
+-------------------------------------+---------------------------------------+---------------+-----------------+------------+
; Assignment Name                     ; Value                                 ; Default Value ; Entity Name     ; Section Id ;
+-------------------------------------+---------------------------------------+---------------+-----------------+------------+
; COMPILER_SIGNATURE_ID               ; 31239354260445.177378519718380        ; --            ; --              ; --         ;
; MAX_CORE_JUNCTION_TEMP              ; 85                                    ; --            ; --              ; --         ;
; MIN_CORE_JUNCTION_TEMP              ; 0                                     ; --            ; --              ; --         ;
; NOMINAL_CORE_SUPPLY_VOLTAGE         ; 1.2V                                  ; --            ; --              ; --         ;
; PARTITION_COLOR                     ; 16764057                              ; --            ; singleCycleProc ; Top        ;
; PARTITION_FITTER_PRESERVATION_LEVEL ; PLACEMENT_AND_ROUTING                 ; --            ; singleCycleProc ; Top        ;
; PARTITION_NETLIST_TYPE              ; SOURCE                                ; --            ; singleCycleProc ; Top        ;
; POWER_BOARD_THERMAL_MODEL           ; None (CONSERVATIVE)                   ; --            ; --              ; --         ;
; POWER_PRESET_COOLING_SOLUTION       ; 23 MM HEAT SINK WITH 200 LFPM AIRFLOW ; --            ; --              ; --         ;
; PROJECT_OUTPUT_DIRECTORY            ; output_files                          ; --            ; --              ; --         ;
; TOP_LEVEL_ENTITY                    ; singleCycleProc                       ; Lab2          ; --              ; --         ;
+-------------------------------------+---------------------------------------+---------------+-----------------+------------+


+-------------------------------------------------------------------------------------------------------------------------------+
; Flow Elapsed Time                                                                                                             ;
+---------------------------+--------------+-------------------------+---------------------+------------------------------------+
; Module Name               ; Elapsed Time ; Average Processors Used ; Peak Virtual Memory ; Total CPU Time (on all processors) ;
+---------------------------+--------------+-------------------------+---------------------+------------------------------------+
; Analysis & Synthesis      ; 00:00:04     ; 1.0                     ; 4755 MB             ; 00:00:03                           ;
; Fitter                    ; 00:00:13     ; 4.0                     ; 6383 MB             ; 00:00:22                           ;
; Assembler                 ; 00:00:02     ; 1.0                     ; 4639 MB             ; 00:00:02                           ;
; TimeQuest Timing Analyzer ; 00:00:02     ; 2.5                     ; 4936 MB             ; 00:00:02                           ;
; EDA Netlist Writer        ; 00:00:01     ; 1.0                     ; 4597 MB             ; 00:00:00                           ;
; EDA Netlist Writer        ; 00:00:00     ; 1.0                     ; 4589 MB             ; 00:00:00                           ;
; EDA Netlist Writer        ; 00:00:01     ; 1.0                     ; 4597 MB             ; 00:00:00                           ;
; EDA Netlist Writer        ; 00:00:00     ; 1.0                     ; 4598 MB             ; 00:00:00                           ;
; EDA Netlist Writer        ; 00:00:01     ; 1.0                     ; 4597 MB             ; 00:00:00                           ;
; Total                     ; 00:00:24     ; --                      ; --                  ; 00:00:29                           ;
+---------------------------+--------------+-------------------------+---------------------+------------------------------------+


+----------------------------------------------------------------------------------------+
; Flow OS Summary                                                                        ;
+---------------------------+------------------+-----------+------------+----------------+
; Module Name               ; Machine Hostname ; OS Name   ; OS Version ; Processor type ;
+---------------------------+------------------+-----------+------------+----------------+
; Analysis & Synthesis      ; hadi             ; Windows 7 ; 6.2        ; x86_64         ;
; Fitter                    ; hadi             ; Windows 7 ; 6.2        ; x86_64         ;
; Assembler                 ; hadi             ; Windows 7 ; 6.2        ; x86_64         ;
; TimeQuest Timing Analyzer ; hadi             ; Windows 7 ; 6.2        ; x86_64         ;
; EDA Netlist Writer        ; hadi             ; Windows 7 ; 6.2        ; x86_64         ;
; EDA Netlist Writer        ; hadi             ; Windows 7 ; 6.2        ; x86_64         ;
; EDA Netlist Writer        ; hadi             ; Windows 7 ; 6.2        ; x86_64         ;
; EDA Netlist Writer        ; hadi             ; Windows 7 ; 6.2        ; x86_64         ;
; EDA Netlist Writer        ; hadi             ; Windows 7 ; 6.2        ; x86_64         ;
+---------------------------+------------------+-----------+------------+----------------+


------------
; Flow Log ;
------------
quartus_map --read_settings_files=on --write_settings_files=off Lab2 -c Lab2
quartus_fit --read_settings_files=off --write_settings_files=off Lab2 -c Lab2
quartus_asm --read_settings_files=off --write_settings_files=off Lab2 -c Lab2
quartus_sta Lab2 -c Lab2
quartus_eda --gen_testbench --check_outputs=on --tool=modelsim_oem --format=verilog Lab2 -c Lab2 --vector_source=C:/Users/astro/Downloads/lab7/Waveform1.vwf --testbench_file=C:/Users/astro/Downloads/lab7/simulation/qsim/Waveform1.vwf.vt
quartus_eda --gen_testbench --check_outputs=on --tool=modelsim_oem --format=verilog Lab2 -c Lab2 --vector_source=C:/Users/astro/Downloads/lab7/Waveform1.vwf --testbench_file=C:/Users/astro/Downloads/lab7/simulation/qsim/Waveform1.vwf.vt
quartus_eda --gen_testbench --check_outputs=on --tool=modelsim_oem --format=verilog Lab2 -c Lab2 --vector_source=C:/Users/astro/Downloads/lab7/Waveform1.vwf --testbench_file=C:/Users/astro/Downloads/lab7/simulation/qsim/Waveform1.vwf.vt
quartus_eda --gen_testbench --check_outputs=on --tool=modelsim_oem --format=verilog Lab2 -c Lab2 --vector_source=C:/Users/astro/Downloads/lab7/Waveform.vwf --testbench_file=C:/Users/astro/Downloads/lab7/simulation/qsim/Waveform.vwf.vt
quartus_eda --functional=on --flatten_buses=off --simulation=on --tool=modelsim_oem --format=verilog --output_directory=C:/Users/astro/Downloads/lab7/simulation/qsim/ Lab2 -c Lab2



